[debug] [2025-01-27T18:11:40.734Z] ----------------------------------------------------------------------
[debug] [2025-01-27T18:11:40.910Z] Command:       C:\Program Files\nodejs\node.exe C:\Users\Para programar\AppData\Roaming\npm\node_modules\firebase-tools\lib\bin\firebase.js init functions
[debug] [2025-01-27T18:11:40.910Z] CLI Version:   13.29.2
[debug] [2025-01-27T18:11:40.911Z] Platform:      win32
[debug] [2025-01-27T18:11:40.911Z] Node Version:  v22.11.0
[debug] [2025-01-27T18:11:40.914Z] Time:          Mon Jan 27 2025 13:11:40 GMT-0500 (hora estándar oriental)
[debug] [2025-01-27T18:11:40.915Z] ----------------------------------------------------------------------
[debug] 
[debug] [2025-01-27T18:11:40.936Z] >>> [apiv2][query] GET https://firebase-public.firebaseio.com/cli.json [none]
[debug] [2025-01-27T18:11:41.827Z] > command requires scopes: ["email","openid","https://www.googleapis.com/auth/cloudplatformprojects.readonly","https://www.googleapis.com/auth/firebase","https://www.googleapis.com/auth/cloud-platform"]
[debug] [2025-01-27T18:11:41.828Z] > authorizing via signed-in user (tianlehou1983@gmail.com)
[info] 
     ######## #### ########  ######## ########     ###     ######  ########
     ##        ##  ##     ## ##       ##     ##  ##   ##  ##       ##
     ######    ##  ########  ######   ########  #########  ######  ######
     ##        ##  ##    ##  ##       ##     ## ##     ##       ## ##
     ##       #### ##     ## ######## ########  ##     ##  ######  ########

You're about to initialize a Firebase project in this directory:

  C:\Users\Para programar\Desktop\WorkSpace\Proyectos\Proyectos en JavaScript\08- My Shop\v01.01.11

[info] 
=== Project Setup
[info] 
[info] First, let's associate this project directory with a Firebase project.
[info] You can create multiple project aliases by running firebase use --add, 
[info] but for now we'll just set up a default project.
[info] 
[debug] [2025-01-27T18:11:43.708Z] <<< [apiv2][status] GET https://firebase-public.firebaseio.com/cli.json 200
[debug] [2025-01-27T18:11:43.709Z] <<< [apiv2][body] GET https://firebase-public.firebaseio.com/cli.json {"cloudBuildErrorAfter":1594252800000,"cloudBuildWarnAfter":1590019200000,"defaultNode10After":1594252800000,"minVersion":"3.0.5","node8DeploysDisabledAfter":1613390400000,"node8RuntimeDisabledAfter":1615809600000,"node8WarnAfter":1600128000000}
[debug] [2025-01-27T18:12:40.623Z] Checked if tokens are valid: false, expires at: 1708370495620
[debug] [2025-01-27T18:12:40.624Z] Checked if tokens are valid: false, expires at: 1708370495620
[debug] [2025-01-27T18:12:40.624Z] > refreshing access token with scopes: []
[debug] [2025-01-27T18:12:40.626Z] >>> [apiv2][query] POST https://www.googleapis.com/oauth2/v3/token [none]
[debug] [2025-01-27T18:12:40.626Z] >>> [apiv2][body] POST https://www.googleapis.com/oauth2/v3/token [omitted]
[debug] [2025-01-27T18:12:41.028Z] <<< [apiv2][status] POST https://www.googleapis.com/oauth2/v3/token 400
[debug] [2025-01-27T18:12:41.030Z] <<< [apiv2][body] POST https://www.googleapis.com/oauth2/v3/token [omitted]
[debug] [2025-01-27T18:12:41.032Z] >>> [apiv2][query] GET https://firebase.googleapis.com/v1beta1/projects pageSize=100
[debug] [2025-01-27T18:12:41.309Z] <<< [apiv2][status] GET https://firebase.googleapis.com/v1beta1/projects 401
[debug] [2025-01-27T18:12:41.309Z] <<< [apiv2][body] GET https://firebase.googleapis.com/v1beta1/projects [omitted]
[debug] [2025-01-27T18:12:41.309Z] Got a 401 Unauthenticated error for a call that required authentication. Refreshing tokens.
[debug] [2025-01-27T18:12:41.309Z] Checked if tokens are valid: false, expires at: 1708370495620
[debug] [2025-01-27T18:12:41.309Z] Checked if tokens are valid: false, expires at: 1708370495620
[debug] [2025-01-27T18:12:41.309Z] > refreshing access token with scopes: []
[debug] [2025-01-27T18:12:41.310Z] >>> [apiv2][query] POST https://www.googleapis.com/oauth2/v3/token [none]
[debug] [2025-01-27T18:12:41.310Z] >>> [apiv2][body] POST https://www.googleapis.com/oauth2/v3/token [omitted]
[debug] [2025-01-27T18:12:41.401Z] <<< [apiv2][status] POST https://www.googleapis.com/oauth2/v3/token 400
[debug] [2025-01-27T18:12:41.401Z] <<< [apiv2][body] POST https://www.googleapis.com/oauth2/v3/token [omitted]
[debug] [2025-01-27T18:12:41.402Z] Request to https://firebase.googleapis.com/v1beta1/projects?pageSize=100 had HTTP Error: 401, Request had invalid authentication credentials. Expected OAuth 2 access token, login cookie or other valid authentication credential. See https://developers.google.com/identity/sign-in/web/devconsole-project.
[debug] [2025-01-27T18:12:41.426Z] FirebaseError: Request to https://firebase.googleapis.com/v1beta1/projects?pageSize=100 had HTTP Error: 401, Request had invalid authentication credentials. Expected OAuth 2 access token, login cookie or other valid authentication credential. See https://developers.google.com/identity/sign-in/web/devconsole-project.
    at responseToError (C:\Users\Para programar\AppData\Roaming\npm\node_modules\firebase-tools\lib\responseToError.js:52:12)
    at RetryOperation._fn (C:\Users\Para programar\AppData\Roaming\npm\node_modules\firebase-tools\lib\apiv2.js:312:77)
    at process.processTicksAndRejections (node:internal/process/task_queues:105:5)
[error] 
[error] Error: Failed to list Firebase projects. See firebase-debug.log for more info.
